file:D:/Git/etc/gitconfig	diff.astextplain.textconv=astextplain
file:D:/Git/etc/gitconfig	filter.lfs.clean=git-lfs clean -- %f
file:D:/Git/etc/gitconfig	filter.lfs.smudge=git-lfs smudge -- %f
file:D:/Git/etc/gitconfig	filter.lfs.process=git-lfs filter-process
file:D:/Git/etc/gitconfig	filter.lfs.required=true
file:D:/Git/etc/gitconfig	http.sslbackend=openssl
file:D:/Git/etc/gitconfig	http.sslcainfo=D:/Git/mingw64/etc/ssl/certs/ca-bundle.crt
file:D:/Git/etc/gitconfig	core.autocrlf=true
file:D:/Git/etc/gitconfig	core.fscache=true
file:D:/Git/etc/gitconfig	core.symlinks=false
file:D:/Git/etc/gitconfig	pull.rebase=false
file:D:/Git/etc/gitconfig	credential.helper=manager
file:D:/Git/etc/gitconfig	credential.https://dev.azure.com.usehttppath=true
file:D:/Git/etc/gitconfig	init.defaultbranch=master
file:C:/Users/Lenovo/.gitconfig	filter.lfs.clean=git-lfs clean -- %f
file:C:/Users/Lenovo/.gitconfig	filter.lfs.smudge=git-lfs smudge -- %f
file:C:/Users/Lenovo/.gitconfig	filter.lfs.process=git-lfs filter-process
file:C:/Users/Lenovo/.gitconfig	filter.lfs.required=true
file:C:/Users/Lenovo/.gitconfig	user.name=Andrey Chaus
file:C:/Users/Lenovo/.gitconfig	user.email=chausandrei15@gmail.com
file:C:/Users/Lenovo/.gitconfig	core.autocrlf=true
file:C:/Users/Lenovo/.gitconfig	alias.logo=log --oneline
file:C:/Users/Lenovo/.gitconfig	alias.logf=log --pretty=full
file:C:/Users/Lenovo/.gitconfig	alias.mylog=log --pretty=format:'%h - %an, %ad : %s' --date=short
file:C:/Users/Lenovo/.gitconfig	alias.log-search-code=log -S
file:C:/Users/Lenovo/.gitconfig	alias.log-search-message=log --grep
file:C:/Users/Lenovo/.gitconfig	alias.logg=log --graph
file:C:/Users/Lenovo/.gitconfig	alias.loglast=log -1
file:.git/config	core.repositoryformatversion=0
file:.git/config	core.filemode=false
file:.git/config	core.bare=false
file:.git/config	core.logallrefupdates=true
file:.git/config	core.symlinks=false
file:.git/config	core.ignorecase=true
file:.git/config	remote.origin.url=git@github.com:achaus04/hello-world.git
file:.git/config	remote.origin.fetch=+refs/heads/*:refs/remotes/origin/*
file:.git/config	branch.main.remote=origin
file:.git/config	branch.main.merge=refs/heads/main
